2023/03/17 21:28:31 [INFO]  RPC from makerConfig zksync2_test -  
2023/03/17 21:28:32 [INFO]  tokenBalanceWei = - 566320195000185340 
2023/03/17 21:28:33 [INFO]  read nonce  sql_nonce:undefined, nonce:923, result_nonce:0 -  
2023/03/17 21:28:33 [INFO]  read nonceDic - {} 
2023/03/17 21:28:33 [INFO]  nonce = - 923 
2023/03/17 21:28:33 [INFO]  sql_nonce = -  
2023/03/17 21:28:33 [INFO]  result_nonde = - 923 
2023/03/17 21:28:37 [INFO]  send transaction = - {"gas":"0x186a0","gasPrice":"0xee6b280","nonce":923,"chainId":280,"to":"0xA5F46D60F4F08F11a5495f8c1011537718e188Fe","value":"0x5af3107a4000"} 
2023/03/17 21:37:24 [INFO]  RPC from makerConfig zksync2_test -  
2023/03/17 21:37:25 [INFO]  tokenBalanceWei = - 425458355500194240 
2023/03/17 21:37:26 [INFO]  read nonce  sql_nonce:undefined, nonce:938, result_nonce:0 -  
2023/03/17 21:37:26 [INFO]  read nonceDic - {} 
2023/03/17 21:37:26 [INFO]  nonce = - 938 
2023/03/17 21:37:26 [INFO]  sql_nonce = -  
2023/03/17 21:37:26 [INFO]  result_nonde = - 938 
2023/03/17 21:38:24 [INFO]  send transaction = - {"gas":"0x186a0","gasPrice":"0xee6b280","nonce":938,"chainId":280,"to":"0xA5F46D60F4F08F11a5495f8c1011537718e188Fe","value":"0x5af3107a4000"} 
2023/03/17 21:38:49 [INFO]  RPC from makerConfig zksync2_test -  
2023/03/17 21:38:50 [INFO]  tokenBalanceWei = - 435216015750241300 
2023/03/17 21:38:50 [INFO]  read nonce  sql_nonce:undefined, nonce:940, result_nonce:0 -  
2023/03/17 21:38:50 [INFO]  read nonceDic - {} 
2023/03/17 21:38:50 [INFO]  nonce = - 940 
2023/03/17 21:38:50 [INFO]  sql_nonce = -  
2023/03/17 21:38:50 [INFO]  result_nonde = - 940 
2023/03/17 21:38:52 [INFO]  send transaction = - {"gas":"0x186a0","gasPrice":"0xee6b280","nonce":940,"chainId":280,"to":"0xA5F46D60F4F08F11a5495f8c1011537718e188Fe","value":"0x5af3107a4000"} 
2023/03/17 21:39:52 [INFO]  RPC from makerConfig zksync2_test -  
2023/03/17 21:39:53 [INFO]  tokenBalanceWei = - 424961317500241300 
2023/03/17 21:39:53 [INFO]  read nonce  sql_nonce:undefined, nonce:941, result_nonce:0 -  
2023/03/17 21:39:53 [INFO]  read nonceDic - {} 
2023/03/17 21:39:53 [INFO]  nonce = - 941 
2023/03/17 21:39:53 [INFO]  sql_nonce = -  
2023/03/17 21:39:53 [INFO]  result_nonde = - 941 
2023/03/17 21:39:55 [INFO]  send transaction = - {"gas":"0x186a0","gasPrice":"0xee6b280","nonce":941,"chainId":280,"to":"0xA5F46D60F4F08F11a5495f8c1011537718e188Fe","value":"0x5af3107a4000"} 
2023/03/17 21:42:39 [INFO]  RPC from makerConfig zksync2_test -  
2023/03/17 21:42:40 [INFO]  tokenBalanceWei = - 431526583750306100 
2023/03/17 21:42:41 [INFO]  read nonce  sql_nonce:undefined, nonce:946, result_nonce:0 -  
2023/03/17 21:42:41 [INFO]  read nonceDic - {} 
2023/03/17 21:42:41 [INFO]  nonce = - 946 
2023/03/17 21:42:41 [INFO]  sql_nonce = -  
2023/03/17 21:42:41 [INFO]  result_nonde = - 946 
2023/03/17 21:42:42 [INFO]  send transaction = - {"gas":"0x18321f","gasPrice":"0xee6b280","nonce":946,"chainId":280,"to":"0xA5F46D60F4F08F11a5495f8c1011537718e188Fe","value":"0x5af3107a4000"} 
2023/03/17 21:42:45 [INFO]  send transaction receipt= - {"blockHash":"0xea0309a3e43f93ff1459d031787e1d918a3f0a6550285972f17a93285cb2b26c","blockNumber":2452662,"contractAddress":null,"cumulativeGasUsed":0,"effectiveGasPrice":"0xee6b280","from":"0x0043d60e87c5dd08c86c3123340705a1556c4719","gasUsed":634259,"l1BatchNumber":null,"l1BatchTxIndex":null,"l2ToL1Logs":[],"logs":[{"address":"0x000000000000000000000000000000000000800A","blockHash":"0xea0309a3e43f93ff1459d031787e1d918a3f0a6550285972f17a93285cb2b26c","blockNumber":2452662,"data":"0x0000000000000000000000000000000000000000000000000001688b98cc9d80","l1BatchNumber":null,"logIndex":0,"logType":null,"removed":false,"topics":["0xddf252ad1be2c89b69c2b068fc378daa952ba7f163c4a11628f55a4df523b3ef","0x0000000000000000000000000043d60e87c5dd08c86c3123340705a1556c4719","0x0000000000000000000000000000000000000000000000000000000000008001"],"transactionHash":"0x7f0c44ee0aa0671bf42bef26082815c022d464328b55f237fc132851ddfc574f","transactionIndex":0,"transactionLogIndex":"0x0","id":"log_715fd3ee"},{"address":"0x000000000000000000000000000000000000800A","blockHash":"0xea0309a3e43f93ff1459d031787e1d918a3f0a6550285972f17a93285cb2b26c","blockNumber":2452662,"data":"0x00000000000000000000000000000000000000000000000000005af3107a4000","l1BatchNumber":null,"logIndex":1,"logType":null,"removed":false,"topics":["0xddf252ad1be2c89b69c2b068fc378daa952ba7f163c4a11628f55a4df523b3ef","0x0000000000000000000000000043d60e87c5dd08c86c3123340705a1556c4719","0x000000000000000000000000a5f46d60f4f08f11a5495f8c1011537718e188fe"],"transactionHash":"0x7f0c44ee0aa0671bf42bef26082815c022d464328b55f237fc132851ddfc574f","transactionIndex":0,"transactionLogIndex":"0x1","id":"log_c57a8ffa"},{"address":"0x000000000000000000000000000000000000800A","blockHash":"0xea0309a3e43f93ff1459d031787e1d918a3f0a6550285972f17a93285cb2b26c","blockNumber":2452662,"data":"0x0000000000000000000000000000000000000000000000000000d854dd339e00","l1BatchNumber":null,"logIndex":2,"logType":null,"removed":false,"topics":["0xddf252ad1be2c89b69c2b068fc378daa952ba7f163c4a11628f55a4df523b3ef","0x0000000000000000000000000000000000000000000000000000000000008001","0x0000000000000000000000000043d60e87c5dd08c86c3123340705a1556c4719"],"transactionHash":"0x7f0c44ee0aa0671bf42bef26082815c022d464328b55f237fc132851ddfc574f","transactionIndex":0,"transactionLogIndex":"0x2","id":"log_a74c6b10"}],"logsBloom":"0x00000000000000000000000000000000000000000000000000000000000000000000000000000000000000000000000000000000000000000000000000000000000000000000000000000000000000000000000000000000000000000000000000000000000000000000000000000000000000000000000000000000000000000000000000000000000000000000000000000000000000000000000000000000000000000000000000000000000000000000000000000000000000000000000000000000000000000000000000000000000000000000000000000000000000000000000000000000000000000000000000000000000000000000000000000000","root":"0xea0309a3e43f93ff1459d031787e1d918a3f0a6550285972f17a93285cb2b26c","status":true,"to":"0xa5f46d60f4f08f11a5495f8c1011537718e188fe","transactionHash":"0x7f0c44ee0aa0671bf42bef26082815c022d464328b55f237fc132851ddfc574f","transactionIndex":0,"type":"0x0"} 
2023/03/17 21:52:50 [INFO]  RPC from makerConfig zksync2_test -  
2023/03/17 21:52:51 [INFO]  tokenBalanceWei = - 355936712750315000 
2023/03/17 21:52:51 [INFO]  read nonce  sql_nonce:undefined, nonce:956, result_nonce:0 -  
2023/03/17 21:52:51 [INFO]  read nonceDic - {} 
2023/03/17 21:52:51 [INFO]  nonce = - 956 
2023/03/17 21:52:51 [INFO]  sql_nonce = -  
2023/03/17 21:52:51 [INFO]  result_nonde = - 956 
2023/03/17 21:52:53 [INFO]  arGasLimit = - 2117616 
2023/03/17 21:52:53 [INFO]  send transaction = - {"gas":"0x204ff0","gasPrice":"0xee6b280","nonce":956,"chainId":280,"to":"0xA5F46D60F4F08F11a5495f8c1011537718e188Fe","value":"0x5af3107a4000"} 
2023/03/17 21:53:01 [INFO]  send transaction receipt= - {"blockHash":"0x1727ebf194b9efead160fe4129e0a80d8c81ef08a217dea73d3ac591f02334ad","blockNumber":2453183,"contractAddress":null,"cumulativeGasUsed":0,"effectiveGasPrice":"0xee6b280","from":"0x0043d60e87c5dd08c86c3123340705a1556c4719","gasUsed":789332,"l1BatchNumber":null,"l1BatchTxIndex":null,"l2ToL1Logs":[],"logs":[{"address":"0x000000000000000000000000000000000000800A","blockHash":"0x1727ebf194b9efead160fe4129e0a80d8c81ef08a217dea73d3ac591f02334ad","blockNumber":2453183,"data":"0x0000000000000000000000000000000000000000000000000001e17d795cd800","l1BatchNumber":null,"logIndex":321,"logType":null,"removed":false,"topics":["0xddf252ad1be2c89b69c2b068fc378daa952ba7f163c4a11628f55a4df523b3ef","0x0000000000000000000000000043d60e87c5dd08c86c3123340705a1556c4719","0x0000000000000000000000000000000000000000000000000000000000008001"],"transactionHash":"0xbb5f0e603e4211f345db1ae7a6f4741ff87bc8286eeee1d4ea834cc1e45c23b3","transactionIndex":60,"transactionLogIndex":"0x141","id":"log_866c3000"},{"address":"0x000000000000000000000000000000000000800A","blockHash":"0x1727ebf194b9efead160fe4129e0a80d8c81ef08a217dea73d3ac591f02334ad","blockNumber":2453183,"data":"0x00000000000000000000000000000000000000000000000000005af3107a4000","l1BatchNumber":null,"logIndex":322,"logType":null,"removed":false,"topics":["0xddf252ad1be2c89b69c2b068fc378daa952ba7f163c4a11628f55a4df523b3ef","0x0000000000000000000000000043d60e87c5dd08c86c3123340705a1556c4719","0x000000000000000000000000a5f46d60f4f08f11a5495f8c1011537718e188fe"],"transactionHash":"0xbb5f0e603e4211f345db1ae7a6f4741ff87bc8286eeee1d4ea834cc1e45c23b3","transactionIndex":60,"transactionLogIndex":"0x142","id":"log_5926d063"},{"address":"0x000000000000000000000000000000000000800A","blockHash":"0x1727ebf194b9efead160fe4129e0a80d8c81ef08a217dea73d3ac591f02334ad","blockNumber":2453183,"data":"0x00000000000000000000000000000000000000000000000000012e044dfec600","l1BatchNumber":null,"logIndex":323,"logType":null,"removed":false,"topics":["0xddf252ad1be2c89b69c2b068fc378daa952ba7f163c4a11628f55a4df523b3ef","0x0000000000000000000000000000000000000000000000000000000000008001","0x0000000000000000000000000043d60e87c5dd08c86c3123340705a1556c4719"],"transactionHash":"0xbb5f0e603e4211f345db1ae7a6f4741ff87bc8286eeee1d4ea834cc1e45c23b3","transactionIndex":60,"transactionLogIndex":"0x143","id":"log_c1a8d3f0"}],"logsBloom":"0x00000000000000000000000000000000000000000000000000000000000000000000000000000000000000000000000000000000000000000000000000000000000000000000000000000000000000000000000000000000000000000000000000000000000000000000000000000000000000000000000000000000000000000000000000000000000000000000000000000000000000000000000000000000000000000000000000000000000000000000000000000000000000000000000000000000000000000000000000000000000000000000000000000000000000000000000000000000000000000000000000000000000000000000000000000000","root":"0x1727ebf194b9efead160fe4129e0a80d8c81ef08a217dea73d3ac591f02334ad","status":true,"to":"0xa5f46d60f4f08f11a5495f8c1011537718e188fe","transactionHash":"0xbb5f0e603e4211f345db1ae7a6f4741ff87bc8286eeee1d4ea834cc1e45c23b3","transactionIndex":60,"type":"0x0"} 
