[2023-05-17T14:16:47.522] [ERROR] access - Starknet Send After GetTransaction Erro: LibraryError: 25: Transaction hash not found
    at RpcProvider.errorHandler (/Users/wzl/Desktop/code/orange/OrbitalModule/backend/node_modules/starknet/src/provider/rpc.ts:88:13)
    at RpcProvider.fetchEndpoint (/Users/wzl/Desktop/code/orange/OrbitalModule/backend/node_modules/starknet/src/provider/rpc.ts:99:12)
    at processTicksAndRejections (node:internal/process/task_queues:96:5)
    at StarknetHelp.signTransfer (/Users/wzl/Desktop/code/orange/OrbitalModule/backend/src/service/starknet/helper.ts:166:24)
    at Object.<anonymous> (/Users/wzl/Desktop/code/orange/OrbitalModule/backend/test/transfer_1.test.ts:13:24)
[2023-05-17T14:21:44.759] [ERROR] access - Starknet Send After GetTransaction Erro: LibraryError: 25: Transaction hash not found
    at RpcProvider.errorHandler (/Users/wzl/Desktop/code/orange/OrbitalModule/backend/node_modules/starknet/src/provider/rpc.ts:88:13)
    at RpcProvider.fetchEndpoint (/Users/wzl/Desktop/code/orange/OrbitalModule/backend/node_modules/starknet/src/provider/rpc.ts:99:12)
    at processTicksAndRejections (node:internal/process/task_queues:96:5)
    at StarknetHelp.signTransfer (/Users/wzl/Desktop/code/orange/OrbitalModule/backend/src/service/starknet/helper.ts:166:24)
    at Object.<anonymous> (/Users/wzl/Desktop/code/orange/OrbitalModule/backend/test/transfer_1.test.ts:13:24)
[2023-05-17T14:23:44.988] [ERROR] access - Straknet Send After status error: {
  calldata: [
    '0x1',
    '0x49d36570d4e46f48e99674bd3fcc84644ddd6b96f7c741b1562b82f9e004dc7',
    '0x83afd3f4caedc6eebf44246fe54e38c95e3179a5ec9ea81740eca5b482d12e',
    '0x0',
    '0x3',
    '0x3',
    '0x2379d9a1a1fd2c85d66457c7bc6bfd28215732cde1ba0f9a8f7a30e10bb8489',
    '0x5af3107a4000',
    '0x0'
  ],
  contract_address: undefined,
  max_fee: '0x1ff973cafa7fff',
  nonce: '0x41',
  signature: [
    '0x4d03a24aef5338b931d56da87cc5d7879ae95619d087dba23a379fb40df1576',
    '0x26ca7bad27f19eae429eeaa2b3977f3b82a15fba17272689816d709662144d8'
  ],
  transaction_hash: '0x6d1432e4921d0126b665ecc7a60c6a95d3a2c6ae531a503db02ff5ac7a384d6',
  version: '0x1'
}
[2023-05-17T14:24:29.101] [ERROR] access - Straknet Send After status error: {
  calldata: [
    '0x1',
    '0x49d36570d4e46f48e99674bd3fcc84644ddd6b96f7c741b1562b82f9e004dc7',
    '0x83afd3f4caedc6eebf44246fe54e38c95e3179a5ec9ea81740eca5b482d12e',
    '0x0',
    '0x3',
    '0x3',
    '0x2379d9a1a1fd2c85d66457c7bc6bfd28215732cde1ba0f9a8f7a30e10bb8489',
    '0x5af3107a4000',
    '0x0'
  ],
  contract_address: undefined,
  max_fee: '0x1ff973cafa7fff',
  nonce: '0x41',
  signature: [
    '0x4d03a24aef5338b931d56da87cc5d7879ae95619d087dba23a379fb40df1576',
    '0x26ca7bad27f19eae429eeaa2b3977f3b82a15fba17272689816d709662144d8'
  ],
  transaction_hash: '0x6d1432e4921d0126b665ecc7a60c6a95d3a2c6ae531a503db02ff5ac7a384d6',
  version: '0x1'
}
[2023-05-17T14:25:10.345] [ERROR] access - Straknet Send After status error: {
  calldata: [
    '0x1',
    '0x49d36570d4e46f48e99674bd3fcc84644ddd6b96f7c741b1562b82f9e004dc7',
    '0x83afd3f4caedc6eebf44246fe54e38c95e3179a5ec9ea81740eca5b482d12e',
    '0x0',
    '0x3',
    '0x3',
    '0x2379d9a1a1fd2c85d66457c7bc6bfd28215732cde1ba0f9a8f7a30e10bb8489',
    '0x5af3107a4000',
    '0x0'
  ],
  contract_address: undefined,
  max_fee: '0x1ff973cafa7fff',
  nonce: '0x41',
  signature: [
    '0x4d03a24aef5338b931d56da87cc5d7879ae95619d087dba23a379fb40df1576',
    '0x26ca7bad27f19eae429eeaa2b3977f3b82a15fba17272689816d709662144d8'
  ],
  transaction_hash: '0x6d1432e4921d0126b665ecc7a60c6a95d3a2c6ae531a503db02ff5ac7a384d6',
  version: '0x1'
}
[2023-05-17T14:40:09.118] [ERROR] access - Starknet Send After GetTransaction Erro: LibraryError: 25: Transaction hash not found
    at RpcProvider.errorHandler (/Users/wzl/Desktop/code/orange/OrbitalModule/backend/node_modules/starknet/src/provider/rpc.ts:88:13)
    at RpcProvider.fetchEndpoint (/Users/wzl/Desktop/code/orange/OrbitalModule/backend/node_modules/starknet/src/provider/rpc.ts:99:12)
    at processTicksAndRejections (node:internal/process/task_queues:96:5)
    at StarknetHelp.signTransfer (/Users/wzl/Desktop/code/orange/OrbitalModule/backend/src/service/starknet/helper.ts:166:24)
    at Object.<anonymous> (/Users/wzl/Desktop/code/orange/OrbitalModule/backend/test/transfer_1.test.ts:13:24)
